2025-03-30 19:18:41,349
INFO
Host:127.0.0.1/send_sms Port:4010
send:1
recipient:1
message:1
200 OK
{"status": "success", "message_id": "123456"}

2025-03-30 19:22:37,198
INFO
Host:127.0.0.1/send_sms Port:4010
send:1
recipient:1
message:1
200 OK
{"status": "success", "message_id": "123456"}

2025-03-30 19:22:52,829
INFO
Host:127.0.0.1/send_sms Port:4010
send:1
recipient:1
message:1
200 OK
{"status": "success", "message_id": "123456"}

2025-03-30 19:28:51,401
INFO
Host:127.0.0.1/send_sms Port:4010
send:1
recipient:1
message:1
404 Not Found
{"type": "https://stoplight.io/prism/errors#NO_PATH_MATCHED_ERROR", "title": "Route not resolved, no path matched", "status": 404, "detail": "The route /127.0.0.1 hasn't been found in the specification file"}

2025-03-30 21:19:57,578
INFO
Host:127.0.0.1/send_sms Port:4010
send:1
recipient:1
message:1
200 OK
{"status": "success", "message_id": "123456"}

2025-03-30 21:24:35,544
INFO
Host:127.0.0.1/send_sms Port:4010
send:1
recipient:1
message:1
200 OK
{"status": "success", "message_id": "123456"}

